# JRE version: OpenJDK Runtime Environment (12.0.2+10) (build 12.0.2+10)
# Java VM: OpenJDK 64-Bit Server VM (12.0.2+10, mixed mode, sharing, tiered, compressed oops, g1 gc, windows-amd64)
Heap:
 garbage-first heap   total 51200K, used 41582K [0x00000000c1400000, 0x0000000100000000)
  region size 1024K, 15 young (15360K), 1 survivors (1024K)
 Metaspace       used 54009K, capacity 55690K, committed 56064K, reserved 1097728K
  class space    used 7155K, capacity 7817K, committed 7936K, reserved 1048576K
GC Heap History (10 events):
Event: 45.315 GC heap before
{Heap before GC invocations=43 (full 0):
 garbage-first heap   total 49152K, used 40236K [0x00000000c1400000, 0x0000000100000000)
  region size 1024K, 16 young (16384K), 2 survivors (2048K)
 Metaspace       used 51528K, capacity 53064K, committed 53248K, reserved 1095680K
  class space    used 6784K, capacity 7380K, committed 7424K, reserved 1048576K
}
Event: 45.321 GC heap after
{Heap after GC invocations=44 (full 0):
 garbage-first heap   total 49152K, used 26462K [0x00000000c1400000, 0x0000000100000000)
  region size 1024K, 2 young (2048K), 2 survivors (2048K)
 Metaspace       used 51528K, capacity 53064K, committed 53248K, reserved 1095680K
  class space    used 6784K, capacity 7380K, committed 7424K, reserved 1048576K
}
Event: 46.123 GC heap before
{Heap before GC invocations=45 (full 0):
 garbage-first heap   total 50176K, used 40798K [0x00000000c1400000, 0x0000000100000000)
  region size 1024K, 16 young (16384K), 2 survivors (2048K)
 Metaspace       used 51722K, capacity 53295K, committed 53632K, reserved 1095680K
  class space    used 6811K, capacity 7434K, committed 7552K, reserved 1048576K
}
Event: 46.129 GC heap after
{Heap after GC invocations=46 (full 0):
 garbage-first heap   total 50176K, used 26935K [0x00000000c1400000, 0x0000000100000000)
  region size 1024K, 2 young (2048K), 2 survivors (2048K)
 Metaspace       used 51722K, capacity 53295K, committed 53632K, reserved 1095680K
  class space    used 6811K, capacity 7434K, committed 7552K, reserved 1048576K
}
Event: 46.725 GC heap before
{Heap before GC invocations=46 (full 0):
 garbage-first heap   total 50176K, used 41271K [0x00000000c1400000, 0x0000000100000000)
  region size 1024K, 16 young (16384K), 2 survivors (2048K)
 Metaspace       used 51881K, capacity 53456K, committed 53632K, reserved 1095680K
  class space    used 6834K, capacity 7440K, committed 7552K, reserved 1048576K
}
Event: 46.735 GC heap after
{Heap after GC invocations=47 (full 0):
 garbage-first heap   total 50176K, used 28068K [0x00000000c1400000, 0x0000000100000000)
  region size 1024K, 2 young (2048K), 2 survivors (2048K)
 Metaspace       used 51881K, capacity 53456K, committed 53632K, reserved 1095680K
  class space    used 6834K, capacity 7440K, committed 7552K, reserved 1048576K
}
Event: 47.803 GC heap before
{Heap before GC invocations=48 (full 0):
 garbage-first heap   total 51200K, used 41380K [0x00000000c1400000, 0x0000000100000000)
  region size 1024K, 15 young (15360K), 2 survivors (2048K)
 Metaspace       used 52367K, capacity 54001K, committed 54144K, reserved 1095680K
  class space    used 6907K, capacity 7537K, committed 7552K, reserved 1048576K
}
Event: 47.809 GC heap after
{Heap after GC invocations=49 (full 0):
 garbage-first heap   total 51200K, used 28001K [0x00000000c1400000, 0x0000000100000000)
  region size 1024K, 1 young (1024K), 1 survivors (1024K)
 Metaspace       used 52367K, capacity 54001K, committed 54144K, reserved 1095680K
  class space    used 6907K, capacity 7537K, committed 7552K, reserved 1048576K
}
Event: 48.553 GC heap before
{Heap before GC invocations=49 (full 0):
 garbage-first heap   total 51200K, used 42337K [0x00000000c1400000, 0x0000000100000000)
  region size 1024K, 15 young (15360K), 1 survivors (1024K)
 Metaspace       used 53478K, capacity 55128K, committed 55424K, reserved 1097728K
  class space    used 7097K, capacity 7738K, committed 7808K, reserved 1048576K
}
Event: 48.557 GC heap after
{Heap after GC invocations=50 (full 0):
 garbage-first heap   total 51200K, used 28270K [0x00000000c1400000, 0x0000000100000000)
  region size 1024K, 1 young (1024K), 1 survivors (1024K)
 Metaspace       used 53478K, capacity 55128K, committed 55424K, reserved 1097728K
  class space    used 7097K, capacity 7738K, committed 7808K, reserved 1048576K
}

